

Microchip MPLAB XC8 Assembler V2.30 build 20200825195618 
                                                                                               Thu Nov 12 11:55:06 2020

Microchip MPLAB XC8 C Compiler v2.30 (Free license) build 20200825195618 Og1 
     1                           	processor	18F4550
     2                           	fnconf	rparam,??,?,0
     3                           	pagewidth 120
     4                           	opt	flic
     5                           	psect	cinit,global,reloc=2,class=CODE,delta=1
     6                           	psect	cstackCOMRAM,global,class=COMRAM,space=1,delta=1,lowdata,noexec
     7                           	psect	text0,global,reloc=2,class=CODE,delta=1
     8                           	psect	text1,global,reloc=2,class=CODE,delta=1
     9                           	psect	intcode,global,reloc=2,class=CODE,delta=1
    10                           	psect	intcode_body,global,reloc=2,class=CODE,delta=1
    11                           	psect	intsave_regs,global,class=BIGRAM,space=1,delta=1,noexec
    12                           	psect	rparam,global,class=COMRAM,space=1,delta=1,noexec
    13                           	psect	temp,global,ovrld,common,class=COMRAM,space=1,delta=1
    14                           	psect	idloc,global,abs,ovrld,class=IDLOC,space=5,delta=1,noexec
    15                           	psect	config,global,abs,ovrld,class=CONFIG,space=4,delta=1,noexec
    16  0000                     
    17                           ; Version 2.20
    18                           ; Generated 12/02/2020 GMT
    19                           ; 
    20                           ; Copyright © 2020, Microchip Technology Inc. and its subsidiaries ("Microchip")
    21                           ; All rights reserved.
    22                           ; 
    23                           ; This software is developed by Microchip Technology Inc. and its subsidiaries ("Microch
      +                          ip").
    24                           ; 
    25                           ; Redistribution and use in source and binary forms, with or without modification, are
    26                           ; permitted provided that the following conditions are met:
    27                           ; 
    28                           ;     1. Redistributions of source code must retain the above copyright notice, this lis
      +                          t of
    29                           ;        conditions and the following disclaimer.
    30                           ; 
    31                           ;     2. Redistributions in binary form must reproduce the above copyright notice, this 
      +                          list
    32                           ;        of conditions and the following disclaimer in the documentation and/or other
    33                           ;        materials provided with the distribution.
    34                           ; 
    35                           ;     3. Microchip's name may not be used to endorse or promote products derived from th
      +                          is
    36                           ;        software without specific prior written permission.
    37                           ; 
    38                           ; THIS SOFTWARE IS PROVIDED BY MICROCHIP "AS IS" AND ANY EXPRESS OR IMPLIED WARRANTIES,
    39                           ; INCLUDING, BUT NOT LIMITED TO, THE IMPLIED WARRANTIES OF MERCHANTABILITY AND FITNESS F
      +                          OR
    40                           ; PURPOSE ARE DISCLAIMED.  IN NO EVENT SHALL MICROCHIP BE LIABLE FOR ANY DIRECT, INDIREC
      +                          T,
    41                           ; INCIDENTAL, SPECIAL, EXEMPLARY, OR CONSEQUENTIAL DAMAGES (INCLUDING BUT NOT LIMITED TO
    42                           ; PROCUREMENT OF SUBSTITUTE GOODS OR SERVICES; LOSS OF USE, DATA OR PROFITS; OR BUSINESS
    43                           ; INTERRUPTION) HOWSOEVER CAUSED AND ON ANY THEORY OF LIABILITY, WHETHER IN CONTRACT, ST
      +                          RICT
    44                           ; LIABILITY, OR TORT (INCLUDING NEGLIGENCE OR OTHERWISE) ARISING IN ANY WAY OUT OF THE U
      +                          SE OF
    45                           ; THIS SOFTWARE, EVEN IF ADVISED OF THE POSSIBILITY OF SUCH DAMAGE.
    46                           ; 
    47                           ; 
    48                           ; Code-generator required, PIC18F4550 Definitions
    49                           ; 
    50                           ; SFR Addresses
    51  0000                     _TRISB	set	3987
    52  0000                     _TRISD	set	3989
    53  0000                     _OSCCON	set	4051
    54  0000                     _LATDbits	set	3980
    55  0000                     _INTEDG0	set	32654
    56  0000                     _INT0F	set	32657
    57  0000                     _INT0IE	set	32660
    58  0000                     _GIE	set	32663
    59                           
    60                           ; #config settings
    61                           
    62                           	psect	cinit
    63  00005E                     __pcinit:
    64                           	callstack 0
    65  00005E                     start_initialization:
    66                           	callstack 0
    67  00005E                     __initialization:
    68                           	callstack 0
    69  00005E                     end_of_initialization:
    70                           	callstack 0
    71  00005E                     __end_of__initialization:
    72                           	callstack 0
    73  00005E  9002               	bcf	int$flags,0,c	;clear compiler interrupt flag (level 1)
    74  000060  9202               	bcf	int$flags,1,c	;clear compiler interrupt flag (level 2)
    75  000062  0100               	movlb	0
    76  000064  EF23  F000         	goto	_main	;jump to C main() function
    77                           
    78                           	psect	cstackCOMRAM
    79  000001                     __pcstackCOMRAM:
    80                           	callstack 0
    81  000001                     ??_interrupcao:
    82  000001                     
    83                           ; 1 bytes @ 0x0
    84  000001                     	ds	1
    85  000002                     
    86                           ; 1 bytes @ 0x1
    87 ;;
    88 ;;Main: autosize = 0, tempsize = 0, incstack = 0, save=0
    89 ;;
    90 ;; *************** function _main *****************
    91 ;; Defined at:
    92 ;;		line 32 in file "exercicio3.c"
    93 ;; Parameters:    Size  Location     Type
    94 ;;		None
    95 ;; Auto vars:     Size  Location     Type
    96 ;;		None
    97 ;; Return value:  Size  Location     Type
    98 ;;                  1    wreg      void 
    99 ;; Registers used:
   100 ;;		wreg, status,2, cstack
   101 ;; Tracked objects:
   102 ;;		On entry : 0/0
   103 ;;		On exit  : 0/0
   104 ;;		Unchanged: 0/0
   105 ;; Data sizes:     COMRAM   BANK0   BANK1   BANK2   BANK3   BANK4   BANK5   BANK6   BANK7
   106 ;;      Params:         0       0       0       0       0       0       0       0       0
   107 ;;      Locals:         0       0       0       0       0       0       0       0       0
   108 ;;      Temps:          0       0       0       0       0       0       0       0       0
   109 ;;      Totals:         0       0       0       0       0       0       0       0       0
   110 ;;Total ram usage:        0 bytes
   111 ;; Hardware stack levels required when called:    2
   112 ;; This function calls:
   113 ;;		_setupInt
   114 ;; This function is called by:
   115 ;;		Startup code after reset
   116 ;; This function uses a non-reentrant model
   117 ;;
   118                           
   119                           	psect	text0
   120  000046                     __ptext0:
   121                           	callstack 0
   122  000046                     _main:
   123                           	callstack 29
   124  000046                     
   125                           ;exercicio3.c: 34: OSCCON = 0b01100000;
   126  000046  0E60               	movlw	96
   127  000048  6ED3               	movwf	211,c	;volatile
   128                           
   129                           ;exercicio3.c: 35: TRISD = 0x00;
   130  00004A  0E00               	movlw	0
   131  00004C  6E95               	movwf	149,c	;volatile
   132                           
   133                           ;exercicio3.c: 36: TRISB = 0x01;
   134  00004E  0E01               	movlw	1
   135  000050  6E93               	movwf	147,c	;volatile
   136  000052                     
   137                           ;exercicio3.c: 38: setupInt();
   138  000052  EC34  F000         	call	_setupInt	;wreg free
   139  000056                     l30:
   140  000056  EF2B  F000         	goto	l30
   141  00005A  EF07  F000         	goto	start
   142  00005E                     __end_of_main:
   143                           	callstack 0
   144                           
   145 ;; *************** function _setupInt *****************
   146 ;; Defined at:
   147 ;;		line 15 in file "exercicio3.c"
   148 ;; Parameters:    Size  Location     Type
   149 ;;		None
   150 ;; Auto vars:     Size  Location     Type
   151 ;;		None
   152 ;; Return value:  Size  Location     Type
   153 ;;                  1    wreg      void 
   154 ;; Registers used:
   155 ;;		None
   156 ;; Tracked objects:
   157 ;;		On entry : 0/0
   158 ;;		On exit  : 0/0
   159 ;;		Unchanged: 0/0
   160 ;; Data sizes:     COMRAM   BANK0   BANK1   BANK2   BANK3   BANK4   BANK5   BANK6   BANK7
   161 ;;      Params:         0       0       0       0       0       0       0       0       0
   162 ;;      Locals:         0       0       0       0       0       0       0       0       0
   163 ;;      Temps:          0       0       0       0       0       0       0       0       0
   164 ;;      Totals:         0       0       0       0       0       0       0       0       0
   165 ;;Total ram usage:        0 bytes
   166 ;; Hardware stack levels used:    1
   167 ;; Hardware stack levels required when called:    1
   168 ;; This function calls:
   169 ;;		Nothing
   170 ;; This function is called by:
   171 ;;		_main
   172 ;; This function uses a non-reentrant model
   173 ;;
   174                           
   175                           	psect	text1
   176  000068                     __ptext1:
   177                           	callstack 0
   178  000068                     _setupInt:
   179                           	callstack 29
   180  000068                     
   181                           ;exercicio3.c: 17: GIE = 1;
   182  000068  8EF2               	bsf	4082,7,c	;volatile
   183                           
   184                           ;exercicio3.c: 18: INT0IE = 1;
   185  00006A  88F2               	bsf	4082,4,c	;volatile
   186                           
   187                           ;exercicio3.c: 19: INT0F = 0;
   188  00006C  92F2               	bcf	4082,1,c	;volatile
   189                           
   190                           ;exercicio3.c: 20: INTEDG0 = 1;
   191  00006E  8CF1               	bsf	4081,6,c	;volatile
   192  000070  0012               	return		;funcret
   193  000072                     __end_of_setupInt:
   194                           	callstack 0
   195                           
   196 ;; *************** function _interrupcao *****************
   197 ;; Defined at:
   198 ;;		line 23 in file "exercicio3.c"
   199 ;; Parameters:    Size  Location     Type
   200 ;;		None
   201 ;; Auto vars:     Size  Location     Type
   202 ;;		None
   203 ;; Return value:  Size  Location     Type
   204 ;;                  1    wreg      void 
   205 ;; Registers used:
   206 ;;		wreg, status,2, status,0
   207 ;; Tracked objects:
   208 ;;		On entry : 0/0
   209 ;;		On exit  : 0/0
   210 ;;		Unchanged: 0/0
   211 ;; Data sizes:     COMRAM   BANK0   BANK1   BANK2   BANK3   BANK4   BANK5   BANK6   BANK7
   212 ;;      Params:         0       0       0       0       0       0       0       0       0
   213 ;;      Locals:         0       0       0       0       0       0       0       0       0
   214 ;;      Temps:          1       0       0       0       0       0       0       0       0
   215 ;;      Totals:         1       0       0       0       0       0       0       0       0
   216 ;;Total ram usage:        1 bytes
   217 ;; Hardware stack levels used:    1
   218 ;; This function calls:
   219 ;;		Nothing
   220 ;; This function is called by:
   221 ;;		Interrupt level 2
   222 ;; This function uses a non-reentrant model
   223 ;;
   224                           
   225                           	psect	intcode
   226  000008                     __pintcode:
   227                           	callstack 0
   228  000008                     _interrupcao:
   229                           	callstack 29
   230                           
   231                           ;incstack = 0
   232  000008  8202               	bsf	int$flags,1,c	;set compiler interrupt flag (level 2)
   233  00000A  ED09  F000         	call	int_func,f	;refresh shadow registers
   234                           
   235                           	psect	intcode_body
   236  000012                     __pintcode_body:
   237                           	callstack 29
   238  000012                     int_func:
   239                           	callstack 29
   240  000012  0006               	pop		; remove dummy address from shadow register refresh
   241  000014                     
   242                           ;exercicio3.c: 25: if (INT0F)
   243  000014  A2F2               	btfss	4082,1,c	;volatile
   244  000016  EF0F  F000         	goto	i2u1_41
   245  00001A  EF11  F000         	goto	i2u1_40
   246  00001E                     i2u1_41:
   247  00001E  EF21  F000         	goto	i2l25
   248  000022                     i2u1_40:
   249  000022                     
   250                           ;exercicio3.c: 26: {;exercicio3.c: 27: LATDbits.LD0 = !LATDbits.LD0;
   251  000022  A08C               	btfss	140,0,c	;volatile
   252  000024  EF16  F000         	goto	i2u2_41
   253  000028  EF1A  F000         	goto	i2u2_40
   254  00002C                     i2u2_41:
   255  00002C  6A01               	clrf	??_interrupcao^0,c
   256  00002E  2A01               	incf	??_interrupcao^0,f,c
   257  000030  EF1B  F000         	goto	i2u3_48
   258  000034                     i2u2_40:
   259  000034  6A01               	clrf	??_interrupcao^0,c
   260  000036                     i2u3_48:
   261  000036  508C               	movf	140,w,c	;volatile
   262  000038  1801               	xorwf	??_interrupcao^0,w,c
   263  00003A  0BFE               	andlw	-2
   264  00003C  1801               	xorwf	??_interrupcao^0,w,c
   265  00003E  6E8C               	movwf	140,c	;volatile
   266  000040                     
   267                           ;exercicio3.c: 28: INT0F = 0;
   268  000040  92F2               	bcf	4082,1,c	;volatile
   269  000042                     i2l25:
   270  000042  9202               	bcf	int$flags,1,c	;clear compiler interrupt flag (level 2)
   271  000044  0011               	retfie		f
   272  000046                     __end_of_interrupcao:
   273                           	callstack 0
   274  0000                     
   275                           	psect	rparam
   276  0000                     
   277                           	psect	temp
   278  000002                     btemp:
   279                           	callstack 0
   280  000002                     	ds	1
   281  0000                     int$flags	set	btemp
   282  0000                     wtemp8	set	btemp+1
   283  0000                     ttemp5	set	btemp+1
   284  0000                     ttemp6	set	btemp+4
   285  0000                     ttemp7	set	btemp+8
   286                           
   287                           	psect	idloc
   288                           
   289                           ;Config register IDLOC0 @ 0x200000
   290                           ;	unspecified, using default values
   291  200000                     	org	2097152
   292  200000  FF                 	db	255
   293                           
   294                           ;Config register IDLOC1 @ 0x200001
   295                           ;	unspecified, using default values
   296  200001                     	org	2097153
   297  200001  FF                 	db	255
   298                           
   299                           ;Config register IDLOC2 @ 0x200002
   300                           ;	unspecified, using default values
   301  200002                     	org	2097154
   302  200002  FF                 	db	255
   303                           
   304                           ;Config register IDLOC3 @ 0x200003
   305                           ;	unspecified, using default values
   306  200003                     	org	2097155
   307  200003  FF                 	db	255
   308                           
   309                           ;Config register IDLOC4 @ 0x200004
   310                           ;	unspecified, using default values
   311  200004                     	org	2097156
   312  200004  FF                 	db	255
   313                           
   314                           ;Config register IDLOC5 @ 0x200005
   315                           ;	unspecified, using default values
   316  200005                     	org	2097157
   317  200005  FF                 	db	255
   318                           
   319                           ;Config register IDLOC6 @ 0x200006
   320                           ;	unspecified, using default values
   321  200006                     	org	2097158
   322  200006  FF                 	db	255
   323                           
   324                           ;Config register IDLOC7 @ 0x200007
   325                           ;	unspecified, using default values
   326  200007                     	org	2097159
   327  200007  FF                 	db	255
   328                           
   329                           	psect	config
   330                           
   331                           ;Config register CONFIG1L @ 0x300000
   332                           ;	unspecified, using default values
   333                           ;	PLL Prescaler Selection bits
   334                           ;	PLLDIV = 0x0, unprogrammed default
   335                           ;	System Clock Postscaler Selection bits
   336                           ;	CPUDIV = 0x0, unprogrammed default
   337                           ;	USB Clock Selection bit (used in Full-Speed USB mode only; UCFG:FSEN = 1)
   338                           ;	USBDIV = 0x0, unprogrammed default
   339  300000                     	org	3145728
   340  300000  00                 	db	0
   341                           
   342                           ;Config register CONFIG1H @ 0x300001
   343                           ;	Oscillator Selection bits
   344                           ;	FOSC = INTOSC_EC, Internal oscillator, CLKO function on RA6, EC used by USB (INTCKO)
   345                           ;	Fail-Safe Clock Monitor Enable bit
   346                           ;	FCMEN = 0x0, unprogrammed default
   347                           ;	Internal/External Oscillator Switchover bit
   348                           ;	IESO = 0x0, unprogrammed default
   349  300001                     	org	3145729
   350  300001  09                 	db	9
   351                           
   352                           ;Config register CONFIG2L @ 0x300002
   353                           ;	unspecified, using default values
   354                           ;	Power-up Timer Enable bit
   355                           ;	PWRT = 0x1, unprogrammed default
   356                           ;	Brown-out Reset Enable bits
   357                           ;	BOR = 0x3, unprogrammed default
   358                           ;	Brown-out Reset Voltage bits
   359                           ;	BORV = 0x3, unprogrammed default
   360                           ;	USB Voltage Regulator Enable bit
   361                           ;	VREGEN = 0x0, unprogrammed default
   362  300002                     	org	3145730
   363  300002  1F                 	db	31
   364                           
   365                           ;Config register CONFIG2H @ 0x300003
   366                           ;	Watchdog Timer Enable bit
   367                           ;	WDT = OFF, WDT disabled (control is placed on the SWDTEN bit)
   368                           ;	Watchdog Timer Postscale Select bits
   369                           ;	WDTPS = 0xF, unprogrammed default
   370  300003                     	org	3145731
   371  300003  1E                 	db	30
   372                           
   373                           ; Padding undefined space
   374  300004                     	org	3145732
   375  300004  FF                 	db	255
   376                           
   377                           ;Config register CONFIG3H @ 0x300005
   378                           ;	CCP2 MUX bit
   379                           ;	CCP2MX = 0x1, unprogrammed default
   380                           ;	PORTB A/D Enable bit
   381                           ;	PBADEN = 0x1, unprogrammed default
   382                           ;	Low-Power Timer 1 Oscillator Enable bit
   383                           ;	LPT1OSC = 0x0, unprogrammed default
   384                           ;	MCLR Pin Enable bit
   385                           ;	MCLRE = OFF, RE3 input pin enabled; MCLR pin disabled
   386  300005                     	org	3145733
   387  300005  03                 	db	3
   388                           
   389                           ;Config register CONFIG4L @ 0x300006
   390                           ;	unspecified, using default values
   391                           ;	Stack Full/Underflow Reset Enable bit
   392                           ;	STVREN = 0x1, unprogrammed default
   393                           ;	Single-Supply ICSP Enable bit
   394                           ;	LVP = 0x1, unprogrammed default
   395                           ;	Dedicated In-Circuit Debug/Programming Port (ICPORT) Enable bit
   396                           ;	ICPRT = 0x0, unprogrammed default
   397                           ;	Extended Instruction Set Enable bit
   398                           ;	XINST = 0x0, unprogrammed default
   399                           ;	Background Debugger Enable bit
   400                           ;	DEBUG = 0x1, unprogrammed default
   401  300006                     	org	3145734
   402  300006  85                 	db	133
   403                           
   404                           ; Padding undefined space
   405  300007                     	org	3145735
   406  300007  FF                 	db	255
   407                           
   408                           ;Config register CONFIG5L @ 0x300008
   409                           ;	unspecified, using default values
   410                           ;	Code Protection bit
   411                           ;	CP0 = 0x1, unprogrammed default
   412                           ;	Code Protection bit
   413                           ;	CP1 = 0x1, unprogrammed default
   414                           ;	Code Protection bit
   415                           ;	CP2 = 0x1, unprogrammed default
   416                           ;	Code Protection bit
   417                           ;	CP3 = 0x1, unprogrammed default
   418  300008                     	org	3145736
   419  300008  0F                 	db	15
   420                           
   421                           ;Config register CONFIG5H @ 0x300009
   422                           ;	unspecified, using default values
   423                           ;	Boot Block Code Protection bit
   424                           ;	CPB = 0x1, unprogrammed default
   425                           ;	Data EEPROM Code Protection bit
   426                           ;	CPD = 0x1, unprogrammed default
   427  300009                     	org	3145737
   428  300009  C0                 	db	192
   429                           
   430                           ;Config register CONFIG6L @ 0x30000A
   431                           ;	unspecified, using default values
   432                           ;	Write Protection bit
   433                           ;	WRT0 = 0x1, unprogrammed default
   434                           ;	Write Protection bit
   435                           ;	WRT1 = 0x1, unprogrammed default
   436                           ;	Write Protection bit
   437                           ;	WRT2 = 0x1, unprogrammed default
   438                           ;	Write Protection bit
   439                           ;	WRT3 = 0x1, unprogrammed default
   440  30000A                     	org	3145738
   441  30000A  0F                 	db	15
   442                           
   443                           ;Config register CONFIG6H @ 0x30000B
   444                           ;	unspecified, using default values
   445                           ;	Configuration Register Write Protection bit
   446                           ;	WRTC = 0x1, unprogrammed default
   447                           ;	Boot Block Write Protection bit
   448                           ;	WRTB = 0x1, unprogrammed default
   449                           ;	Data EEPROM Write Protection bit
   450                           ;	WRTD = 0x1, unprogrammed default
   451  30000B                     	org	3145739
   452  30000B  E0                 	db	224
   453                           
   454                           ;Config register CONFIG7L @ 0x30000C
   455                           ;	unspecified, using default values
   456                           ;	Table Read Protection bit
   457                           ;	EBTR0 = 0x1, unprogrammed default
   458                           ;	Table Read Protection bit
   459                           ;	EBTR1 = 0x1, unprogrammed default
   460                           ;	Table Read Protection bit
   461                           ;	EBTR2 = 0x1, unprogrammed default
   462                           ;	Table Read Protection bit
   463                           ;	EBTR3 = 0x1, unprogrammed default
   464  30000C                     	org	3145740
   465  30000C  0F                 	db	15
   466                           
   467                           ;Config register CONFIG7H @ 0x30000D
   468                           ;	unspecified, using default values
   469                           ;	Boot Block Table Read Protection bit
   470                           ;	EBTRB = 0x1, unprogrammed default
   471  30000D                     	org	3145741
   472  30000D  40                 	db	64
   473                           tosu	equ	0xFFF
   474                           tosh	equ	0xFFE
   475                           tosl	equ	0xFFD
   476                           stkptr	equ	0xFFC
   477                           pclatu	equ	0xFFB
   478                           pclath	equ	0xFFA
   479                           pcl	equ	0xFF9
   480                           tblptru	equ	0xFF8
   481                           tblptrh	equ	0xFF7
   482                           tblptrl	equ	0xFF6
   483                           tablat	equ	0xFF5
   484                           prodh	equ	0xFF4
   485                           prodl	equ	0xFF3
   486                           indf0	equ	0xFEF
   487                           postinc0	equ	0xFEE
   488                           postdec0	equ	0xFED
   489                           preinc0	equ	0xFEC
   490                           plusw0	equ	0xFEB
   491                           fsr0h	equ	0xFEA
   492                           fsr0l	equ	0xFE9
   493                           wreg	equ	0xFE8
   494                           indf1	equ	0xFE7
   495                           postinc1	equ	0xFE6
   496                           postdec1	equ	0xFE5
   497                           preinc1	equ	0xFE4
   498                           plusw1	equ	0xFE3
   499                           fsr1h	equ	0xFE2
   500                           fsr1l	equ	0xFE1
   501                           bsr	equ	0xFE0
   502                           indf2	equ	0xFDF
   503                           postinc2	equ	0xFDE
   504                           postdec2	equ	0xFDD
   505                           preinc2	equ	0xFDC
   506                           plusw2	equ	0xFDB
   507                           fsr2h	equ	0xFDA
   508                           fsr2l	equ	0xFD9
   509                           status	equ	0xFD8

Data Sizes:
    Strings     0
    Constant    0
    Data        0
    BSS         0
    Persistent  0
    Stack       0

Auto Spaces:
    Space          Size  Autos    Used
    COMRAM           94      1       1
    BANK0           160      0       0
    BANK1           256      0       0
    BANK2           256      0       0
    BANK3           256      0       0
    BANK4           256      0       0
    BANK5           256      0       0
    BANK6           256      0       0
    BANK7           256      0       0

Pointer List with Targets:

    None.

Critical Paths under _main in COMRAM

    None.

Critical Paths under _interrupcao in COMRAM

    None.

Critical Paths under _main in BANK0

    None.

Critical Paths under _interrupcao in BANK0

    None.

Critical Paths under _main in BANK1

    None.

Critical Paths under _interrupcao in BANK1

    None.

Critical Paths under _main in BANK2

    None.

Critical Paths under _interrupcao in BANK2

    None.

Critical Paths under _main in BANK3

    None.

Critical Paths under _interrupcao in BANK3

    None.

Critical Paths under _main in BANK4

    None.

Critical Paths under _interrupcao in BANK4

    None.

Critical Paths under _main in BANK5

    None.

Critical Paths under _interrupcao in BANK5

    None.

Critical Paths under _main in BANK6

    None.

Critical Paths under _interrupcao in BANK6

    None.

Critical Paths under _main in BANK7

    None.

Critical Paths under _interrupcao in BANK7

    None.

Call Graph Tables:

 ---------------------------------------------------------------------------------
 (Depth) Function   	        Calls       Base Space   Used Autos Params    Refs
 ---------------------------------------------------------------------------------
 (0) _main                                                 0     0      0       0
                           _setupInt
 ---------------------------------------------------------------------------------
 (1) _setupInt                                             0     0      0       0
 ---------------------------------------------------------------------------------
 Estimated maximum stack depth 1
 ---------------------------------------------------------------------------------
 (Depth) Function   	        Calls       Base Space   Used Autos Params    Refs
 ---------------------------------------------------------------------------------
 (2) _interrupcao                                          1     1      0       0
                                              0 COMRAM     1     1      0
 ---------------------------------------------------------------------------------
 Estimated maximum stack depth 2
 ---------------------------------------------------------------------------------

 Call Graph Graphs:

 _main (ROOT)
   _setupInt

 _interrupcao (ROOT)

 Address spaces:
Name               Size   Autos  Total    Cost      Usage
BITCOMRAM           5E      0       0       0        0.0%
EEDATA             100      0       0       0        0.0%
NULL                 0      0       0       0        0.0%
CODE                 0      0       0       0        0.0%
COMRAM              5E      1       1       1        1.1%
STACK                0      0       0       2        0.0%
DATA                 0      0       0       3        0.0%
BITBANK0            A0      0       0       4        0.0%
BANK0               A0      0       0       5        0.0%
BITBANK1           100      0       0       6        0.0%
BANK1              100      0       0       7        0.0%
BITBANK2           100      0       0       8        0.0%
BANK2              100      0       0       9        0.0%
BITBANK3           100      0       0      10        0.0%
BANK3              100      0       0      11        0.0%
BITBANK4           100      0       0      12        0.0%
BANK4              100      0       0      13        0.0%
BITBANK5           100      0       0      14        0.0%
BANK5              100      0       0      15        0.0%
BITBANK6           100      0       0      16        0.0%
BANK6              100      0       0      17        0.0%
BITBANK7           100      0       0      18        0.0%
BANK7              100      0       0      19        0.0%
ABS                  0      0       0      20        0.0%
BIGRAM             7FF      0       0      21        0.0%
BITSFR               0      0       0     200        0.0%
SFR                  0      0       0     200        0.0%


Microchip Technology PIC18 Macro Assembler V2.30 build 20200825195618 
Symbol Table                                                                                   Thu Nov 12 11:55:06 2020

                     l30 0056                       l31 0056                       l19 0070  
                    l781 0068                      l791 0052                      l789 0046  
                    _GIE 007F97                     i2l25 0042                     _main 0046  
                   btemp 0002                     start 000E             ___param_bank 000000  
                  ?_main 0001                    _INT0F 007F91                    i2l783 0014  
                  i2l785 0022                    i2l787 0040                    _TRISB 000F93  
                  _TRISD 000F95                    ttemp5 0003                    ttemp6 0006  
                  ttemp7 000A                    wtemp8 0003          __initialization 005E  
           ?_interrupcao 0001             __end_of_main 005E                   ??_main 0002  
          __activetblptr 000000                   _INT0IE 007F94                   _OSCCON 000FD3  
                 i2u1_40 0022                   i2u1_41 001E                   i2u2_40 0034  
                 i2u2_41 002C                   i2u3_48 0036         __end_of_setupInt 0072  
             __accesstop 0060  __end_of__initialization 005E            ___rparam_used 000001  
         __pcstackCOMRAM 0001     __size_of_interrupcao 003E                  _INTEDG0 007F8E  
                __Hparam 0000                  __Lparam 0000                ?_setupInt 0001  
                __pcinit 005E                  __ramtop 0800                  __ptext0 0046  
                __ptext1 0068           __pintcode_body 0012     end_of_initialization 005E  
                int_func 0012               ??_setupInt 0002      start_initialization 005E  
          ??_interrupcao 0001                __pintcode 0008        __size_of_setupInt 000A  
               _LATDbits 000F8C      __end_of_interrupcao 0046                 __Hrparam 0000  
               __Lrparam 0000            __size_of_main 0018              _interrupcao 0008  
               _setupInt 0068                 int$flags 0002                 intlevel2 0000  
